<?xml version="1.0" encoding="UTF-8"?>
<!-- Generated by org.testng.reporters.JUnitReportReporter -->
<testsuite hostname="DESKTOP-4L4F65Q" failures="0" tests="1" name="TestNg.ajaxhandlingpractice" time="7.429" errors="0" timestamp="2022-09-15T18:01:22 IST" skipped="0">
  <testcase classname="TestNg.ajaxhandlingpractice" name="f" time="7.429"/>
  <system-out/>
</testsuite> <!-- TestNg.ajaxhandlingpractice -->
