<?xml version="1.0" encoding="UTF-8"?>
<!-- Generated by org.testng.reporters.JUnitReportReporter -->
<testsuite hostname="DESKTOP-4L4F65Q" failures="0" tests="4" name="TestNg.hmspr" time="30.340" errors="0" timestamp="2023-02-02T12:33:28 IST" skipped="0">
  <testcase classname="TestNg.hmspr" name="verifylogin" time="5.792"/>
  <system-out/>
  <testcase classname="TestNg.hmspr" name="verifyregistration" time="1.623"/>
  <system-out/>
  <testcase classname="TestNg.hmspr" name="verifypr" time="22.913"/>
  <system-out/>
  <testcase classname="TestNg.hmspr" name="verifyalerts" time="0.012"/>
  <system-out/>
</testsuite> <!-- TestNg.hmspr -->
