<?xml version="1.0" encoding="UTF-8"?>
<!-- Generated by org.testng.reporters.JUnitReportReporter -->
<testsuite hostname="DESKTOP-4L4F65Q" failures="0" tests="1" name="TestNg.ajaxcontrolhandling" time="4.285" errors="0" timestamp="2023-01-08T22:49:48 IST" skipped="0">
  <testcase classname="TestNg.ajaxcontrolhandling" name="f" time="4.285"/>
  <system-out/>
</testsuite> <!-- TestNg.ajaxcontrolhandling -->
