<?xml version="1.0" encoding="UTF-8"?>
<!-- Generated by org.testng.reporters.JUnitReportReporter -->
<testsuite hostname="DESKTOP-4L4F65Q" failures="0" tests="1" name="TestNg.validatedropdown" time="3.957" errors="0" timestamp="2023-01-08T22:37:55 IST" skipped="0">
  <testcase classname="TestNg.validatedropdown" name="f" time="3.957"/>
  <system-out/>
</testsuite> <!-- TestNg.validatedropdown -->
