<?xml version="1.0" encoding="UTF-8"?>
<!-- Generated by org.testng.reporters.JUnitReportReporter -->
<testsuite hostname="DESKTOP-4L4F65Q" failures="0" tests="1" name="TestNg.informationcommands" time="0.215" errors="0" timestamp="2023-01-08T22:01:56 IST" skipped="0">
  <testcase classname="TestNg.informationcommands" name="f" time="0.215"/>
  <system-out/>
</testsuite> <!-- TestNg.informationcommands -->
