<?xml version="1.0" encoding="UTF-8"?>
<!-- Generated by org.testng.reporters.JUnitReportReporter -->
<testsuite hostname="DESKTOP-4L4F65Q" failures="0" tests="1" name="orangehrm.OrangeHrm.list" time="0.403" errors="0" timestamp="2023-06-12T17:48:56 IST" skipped="0">
  <testcase classname="orangehrm.OrangeHrm.list" name="test" time="0.403"/>
  <system-out/>
</testsuite> <!-- orangehrm.OrangeHrm.list -->
