<?xml version="1.0" encoding="UTF-8"?>
<!-- Generated by org.testng.reporters.JUnitReportReporter -->
<testsuite hostname="DESKTOP-4L4F65Q" failures="0" tests="1" name="orangehrm.OrangeHrm.listener" time="4.985" errors="0" timestamp="2023-03-19T16:04:17 IST" skipped="0">
  <testcase classname="orangehrm.OrangeHrm.listener" name="test1" time="4.985"/>
  <system-out/>
</testsuite> <!-- orangehrm.OrangeHrm.listener -->
