<?xml version="1.0" encoding="UTF-8"?>
<!-- Generated by org.testng.reporters.JUnitReportReporter -->
<testsuite hostname="DESKTOP-4L4F65Q" failures="0" tests="8" name="com.luma.com.lumacart.Testngmain" time="34.552" errors="0" timestamp="2023-04-26T18:08:47 IST" skipped="2">
  <testcase classname="com.luma.com.lumacart.Testngmain" name="searchg" time="5.757"/>
  <system-out/>
  <testcase classname="com.luma.com.lumacart.Testngmain" name="hms" time="6.146"/>
  <system-out/>
  <testcase classname="com.luma.com.lumacart.Testngmain" name="registerpage" time="19.935"/>
  <system-out/>
  <testcase classname="com.luma.com.lumacart.Testngmain" name="validation" time="0.784"/>
  <system-out/>
  <testcase classname="com.luma.com.lumacart.Testngmain" name="actions" time="0.856"/>
  <system-out/>
  <testcase classname="com.luma.com.lumacart.Testngmain" name="prs" time="1.074"/>
  <system-out/>
  <testcase classname="com.luma.com.lumacart.Testngmain" name="listed">
    <skipped/>
  </testcase> <!-- listed -->
  <system-out/>
  <testcase classname="com.luma.com.lumacart.Testngmain" name="adt22">
    <skipped/>
  </testcase> <!-- adt22 -->
  <system-out/>
</testsuite> <!-- com.luma.com.lumacart.Testngmain -->
