<?xml version="1.0" encoding="UTF-8"?>
<!-- Generated by org.testng.reporters.JUnitReportReporter -->
<testsuite hostname="DESKTOP-4L4F65Q" failures="0" tests="1" name="lumafine.Tc_001" time="6.332" errors="0" timestamp="2023-06-07T13:00:30 IST" skipped="0">
  <testcase classname="lumafine.Tc_001" name="test" time="6.332"/>
  <system-out/>
</testsuite> <!-- lumafine.Tc_001 -->
