<?xml version="1.0" encoding="UTF-8"?>
<!-- Generated by org.testng.reporters.JUnitReportReporter -->
<testsuite hostname="DESKTOP-4L4F65Q" failures="0" tests="2" name="com.luma.com.lumacart.Testngmain" time="9.619" errors="0" timestamp="2023-04-22T19:59:54 IST" skipped="0">
  <testcase classname="com.luma.com.lumacart.Testngmain" name="searchg" time="5.161"/>
  <system-out/>
  <testcase classname="com.luma.com.lumacart.Testngmain" name="hms" time="4.458"/>
  <system-out/>
</testsuite> <!-- com.luma.com.lumacart.Testngmain -->
