<?xml version="1.0" encoding="UTF-8"?>
<!-- Generated by org.testng.reporters.JUnitReportReporter -->
<testsuite hostname="DESKTOP-4L4F65Q" failures="0" tests="3" name="com.luma.com.lumacart.Testngmain" time="24.295" errors="0" timestamp="2023-04-24T11:32:04 IST" skipped="0">
  <testcase classname="com.luma.com.lumacart.Testngmain" name="searchg" time="11.713"/>
  <system-out/>
  <testcase classname="com.luma.com.lumacart.Testngmain" name="hms" time="3.634"/>
  <system-out/>
  <testcase classname="com.luma.com.lumacart.Testngmain" name="registerpage" time="8.948"/>
  <system-out/>
</testsuite> <!-- com.luma.com.lumacart.Testngmain -->
