<?xml version="1.0" encoding="UTF-8"?>
<!-- Generated by org.testng.reporters.JUnitReportReporter -->
<testsuite hostname="DESKTOP-4L4F65Q" failures="0" tests="1" name="lumafine.Baseclass" time="1.699" errors="0" timestamp="2023-06-05T17:52:05 IST" skipped="0">
  <testcase classname="lumafine.Baseclass" name="passed" time="1.699"/>
  <system-out/>
</testsuite> <!-- lumafine.Baseclass -->
